<?xml version="1.0" encoding="UTF-8"?>
<!-- Generated by org.testng.reporters.JUnitReportReporter -->
<testsuite hostname="DESKTOP-DHLLMMD" failures="0" tests="5" name="Test.HubspotContactCreation" time="158.708" errors="0" timestamp="02 Jan 2020 16:06:29 GMT" skipped="0">
  <testcase classname="Test.HubspotContactCreation" name="createContact" time="27.814"/>
  <testcase classname="Test.HubspotContactCreation" name="createContact" time="33.795"/>
  <testcase classname="Test.HubspotContactCreation" name="createContact" time="31.180"/>
  <testcase classname="Test.HubspotContactCreation" name="createContact" time="34.142"/>
  <testcase classname="Test.HubspotContactCreation" name="createContact" time="31.777"/>
</testsuite> <!-- Test.HubspotContactCreation -->
