<?xml version="1.0" encoding="UTF-8"?>
<!-- Generated by org.testng.reporters.JUnitReportReporter -->
<testsuite hostname="DESKTOP-DHLLMMD" failures="0" tests="10" name="selenium.Skip" time="0.140" errors="0" timestamp="07 Dec 2019 03:07:45 GMT" skipped="0">
  <testcase classname="selenium.Skip" name="testCaseEnabling" time="0.003"/>
  <testcase classname="selenium.Skip" name="testCaseEnabling" time="0.022"/>
  <testcase classname="selenium.Skip" name="testCaseEnabling" time="0.006"/>
  <testcase classname="selenium.Skip" name="testCaseEnabling" time="0.006"/>
  <testcase classname="selenium.Skip" name="testCaseEnabling" time="0.001"/>
  <testcase classname="selenium.Skip" name="testCaseEnabling" time="0.022"/>
  <testcase classname="selenium.Skip" name="testCaseEnabling" time="0.046"/>
  <testcase classname="selenium.Skip" name="testCaseEnabling" time="0.007"/>
  <testcase classname="selenium.Skip" name="testCaseEnabling" time="0.005"/>
  <testcase classname="selenium.Skip" name="testCaseEnabling" time="0.022"/>
</testsuite> <!-- selenium.Skip -->
